Setting up a new session...
epoch:0|margin:0.3000|loss:0.0388|reg:0.0000|acc:0.8500|meanMargin:0.6979
epoch:1|margin:0.3000|loss:0.0092|reg:0.0000|acc:0.9515|meanMargin:0.8238
epoch:2|margin:0.3000|loss:0.0058|reg:0.0000|acc:0.9690|meanMargin:0.8534
epoch:3|margin:0.3000|loss:0.0061|reg:0.0000|acc:0.9716|meanMargin:0.8650
epoch:4|margin:0.3000|loss:0.0068|reg:0.0000|acc:0.9724|meanMargin:0.8709
epoch:5|margin:0.3000|loss:0.0027|reg:0.0000|acc:0.9854|meanMargin:0.9003
epoch:6|margin:0.3000|loss:0.0018|reg:0.0000|acc:0.9873|meanMargin:0.8994
epoch:7|margin:0.3000|loss:0.0017|reg:0.0000|acc:0.9899|meanMargin:0.9246
epoch:8|margin:0.3000|loss:0.0012|reg:0.0000|acc:0.9914|meanMargin:0.9106
epoch:9|margin:0.3000|loss:0.0028|reg:0.0000|acc:0.9873|meanMargin:0.9093
epoch:10|margin:0.3000|loss:0.0019|reg:0.0000|acc:0.9918|meanMargin:0.9402
epoch:11|margin:0.3000|loss:0.0005|reg:0.0000|acc:0.9951|meanMargin:0.9467
epoch:12|margin:0.3000|loss:0.0012|reg:0.0000|acc:0.9948|meanMargin:0.9537
epoch:13|margin:0.3000|loss:0.0022|reg:0.0000|acc:0.9843|meanMargin:0.9110
epoch:14|margin:0.3000|loss:0.0020|reg:0.0000|acc:0.9896|meanMargin:0.9268
epoch:15|margin:0.3000|loss:0.0006|reg:0.0000|acc:0.9955|meanMargin:0.9528
epoch:16|margin:0.3000|loss:0.0003|reg:0.0000|acc:0.9970|meanMargin:0.9588
epoch:17|margin:0.3000|loss:0.0008|reg:0.0000|acc:0.9922|meanMargin:0.9335
epoch:18|margin:0.3000|loss:0.0003|reg:0.0000|acc:0.9951|meanMargin:0.9282
epoch:19|margin:0.3000|loss:0.0013|reg:0.0000|acc:0.9892|meanMargin:0.9093
epoch:20|margin:0.3000|loss:0.0016|reg:0.0000|acc:0.9914|meanMargin:0.9390
epoch:21|margin:0.3000|loss:0.0005|reg:0.0000|acc:0.9944|meanMargin:0.9506
epoch:22|margin:0.3000|loss:0.0006|reg:0.0000|acc:0.9970|meanMargin:0.9595
epoch:23|margin:0.3000|loss:0.0004|reg:0.0000|acc:0.9963|meanMargin:0.9716
epoch:24|margin:0.3000|loss:0.0007|reg:0.0000|acc:0.9948|meanMargin:0.9710
epoch:25|margin:0.3000|loss:0.0044|reg:0.0000|acc:0.9877|meanMargin:0.9188
epoch:26|margin:0.3000|loss:0.0007|reg:0.0000|acc:0.9959|meanMargin:0.9441
epoch:27|margin:0.3000|loss:0.0009|reg:0.0000|acc:0.9918|meanMargin:0.9411
epoch:28|margin:0.3000|loss:0.0003|reg:0.0000|acc:0.9963|meanMargin:0.9474
epoch:29|margin:0.3000|loss:0.0006|reg:0.0000|acc:0.9955|meanMargin:0.9617
epoch:30|margin:0.3000|loss:0.0026|reg:0.0000|acc:0.9888|meanMargin:0.9400
epoch:31|margin:0.3000|loss:0.0014|reg:0.0000|acc:0.9940|meanMargin:0.9331
epoch:32|margin:0.3000|loss:0.0022|reg:0.0000|acc:0.9948|meanMargin:0.9439
epoch:33|margin:0.3000|loss:0.0007|reg:0.0000|acc:0.9951|meanMargin:0.9358
epoch:34|margin:0.3000|loss:0.0001|reg:0.0000|acc:0.9981|meanMargin:0.9517
epoch:35|margin:0.3000|loss:0.0005|reg:0.0000|acc:0.9951|meanMargin:0.9481
epoch:36|margin:0.3000|loss:0.0005|reg:0.0000|acc:0.9970|meanMargin:0.9590
epoch:37|margin:0.3000|loss:0.0007|reg:0.0000|acc:0.9963|meanMargin:0.9324
epoch:38|margin:0.3000|loss:0.0023|reg:0.0000|acc:0.9914|meanMargin:0.9166
epoch:39|margin:0.3000|loss:0.0005|reg:0.0000|acc:0.9974|meanMargin:0.9594
epoch:40|margin:0.3000|loss:0.0020|reg:0.0000|acc:0.9933|meanMargin:0.9135
epoch:41|margin:0.3000|loss:0.0004|reg:0.0000|acc:0.9966|meanMargin:0.9108
epoch:42|margin:0.3000|loss:0.0008|reg:0.0000|acc:0.9955|meanMargin:0.9355
epoch:43|margin:0.3000|loss:0.0009|reg:0.0000|acc:0.9974|meanMargin:0.9336
epoch:44|margin:0.3000|loss:0.0002|reg:0.0000|acc:0.9985|meanMargin:0.9389
epoch:45|margin:0.3000|loss:0.0001|reg:0.0000|acc:0.9989|meanMargin:0.9513
epoch:46|margin:0.3000|loss:0.0017|reg:0.0000|acc:0.9937|meanMargin:0.9057
epoch:47|margin:0.3000|loss:0.0001|reg:0.0000|acc:0.9981|meanMargin:0.9449
epoch:48|margin:0.3000|loss:0.0016|reg:0.0000|acc:0.9948|meanMargin:0.9392
epoch:49|margin:0.3000|loss:0.0001|reg:0.0000|acc:0.9985|meanMargin:0.9508
epoch:50|margin:0.3000|loss:0.0001|reg:0.0000|acc:0.9981|meanMargin:0.9536
epoch:51|margin:0.3000|loss:0.0005|reg:0.0000|acc:0.9966|meanMargin:0.9261
epoch:52|margin:0.3000|loss:0.0002|reg:0.0000|acc:0.9978|meanMargin:0.9317
epoch:53|margin:0.3000|loss:0.0022|reg:0.0000|acc:0.9910|meanMargin:0.9195
epoch:54|margin:0.3000|loss:0.0001|reg:0.0000|acc:0.9985|meanMargin:0.9336
epoch:55|margin:0.3000|loss:0.0003|reg:0.0000|acc:0.9981|meanMargin:0.9344
epoch:56|margin:0.3000|loss:0.0020|reg:0.0000|acc:0.9925|meanMargin:0.8974
epoch:57|margin:0.3000|loss:0.0003|reg:0.0000|acc:0.9970|meanMargin:0.8886
epoch:58|margin:0.3000|loss:0.0005|reg:0.0000|acc:0.9955|meanMargin:0.8899
epoch:59|margin:0.3000|loss:0.0005|reg:0.0000|acc:0.9929|meanMargin:0.8783
epoch:60|margin:0.3000|loss:0.0010|reg:0.0000|acc:0.9948|meanMargin:0.8916
epoch:61|margin:0.3000|loss:0.0011|reg:0.0000|acc:0.9951|meanMargin:0.8423
epoch:62|margin:0.3000|loss:0.0015|reg:0.0000|acc:0.9903|meanMargin:0.8280
epoch:63|margin:0.3000|loss:0.0007|reg:0.0000|acc:0.9918|meanMargin:0.8175
epoch:64|margin:0.3000|loss:0.0015|reg:0.0000|acc:0.9918|meanMargin:0.8244
epoch:65|margin:0.3000|loss:0.0007|reg:0.0000|acc:0.9929|meanMargin:0.8461
epoch:66|margin:0.3000|loss:0.0005|reg:0.0000|acc:0.9951|meanMargin:0.8617
epoch:67|margin:0.3000|loss:0.0008|reg:0.0000|acc:0.9959|meanMargin:0.9012
epoch:68|margin:0.3000|loss:0.0001|reg:0.0000|acc:0.9974|meanMargin:0.9105
epoch:69|margin:0.3000|loss:0.0002|reg:0.0000|acc:0.9981|meanMargin:0.9187
epoch:70|margin:0.3000|loss:0.0001|reg:0.0000|acc:0.9985|meanMargin:0.9167
epoch:71|margin:0.3000|loss:0.0002|reg:0.0000|acc:0.9989|meanMargin:0.9357
epoch:72|margin:0.3000|loss:0.0019|reg:0.0000|acc:0.9948|meanMargin:0.8851
epoch:73|margin:0.3000|loss:0.0006|reg:0.0000|acc:0.9955|meanMargin:0.8403
epoch:74|margin:0.3000|loss:0.0006|reg:0.0000|acc:0.9937|meanMargin:0.8439
epoch:75|margin:0.3000|loss:0.0002|reg:0.0000|acc:0.9974|meanMargin:0.8703
epoch:76|margin:0.3000|loss:0.0001|reg:0.0000|acc:0.9974|meanMargin:0.8627
epoch:77|margin:0.3000|loss:0.0008|reg:0.0000|acc:0.9918|meanMargin:0.8499
epoch:78|margin:0.3000|loss:0.0001|reg:0.0000|acc:0.9981|meanMargin:0.8946
epoch:79|margin:0.3000|loss:0.0005|reg:0.0000|acc:0.9978|meanMargin:0.8615
epoch:80|margin:0.3000|loss:0.0006|reg:0.0000|acc:0.9959|meanMargin:0.8631
epoch:81|margin:0.3000|loss:0.0012|reg:0.0000|acc:0.9922|meanMargin:0.8398
epoch:82|margin:0.3000|loss:0.0010|reg:0.0000|acc:0.9955|meanMargin:0.8479
epoch:83|margin:0.3000|loss:0.0004|reg:0.0000|acc:0.9959|meanMargin:0.8597
epoch:84|margin:0.3000|loss:0.0004|reg:0.0000|acc:0.9974|meanMargin:0.8862
epoch:85|margin:0.3000|loss:0.0016|reg:0.0000|acc:0.9944|meanMargin:0.8219
epoch:86|margin:0.3000|loss:0.0013|reg:0.0000|acc:0.9951|meanMargin:0.7680
epoch:87|margin:0.3000|loss:0.0012|reg:0.0000|acc:0.9933|meanMargin:0.7636
epoch:88|margin:0.3000|loss:0.0002|reg:0.0000|acc:0.9981|meanMargin:0.7413
epoch:89|margin:0.3000|loss:0.0003|reg:0.0000|acc:0.9963|meanMargin:0.7524
epoch:90|margin:0.3000|loss:0.0004|reg:0.0000|acc:0.9966|meanMargin:0.7725
epoch:91|margin:0.3000|loss:0.0001|reg:0.0000|acc:0.9978|meanMargin:0.8237
epoch:92|margin:0.3000|loss:0.0014|reg:0.0000|acc:0.9944|meanMargin:0.8286
epoch:93|margin:0.3000|loss:0.0010|reg:0.0000|acc:0.9910|meanMargin:0.7726
epoch:94|margin:0.3000|loss:0.0003|reg:0.0000|acc:0.9966|meanMargin:0.8101
epoch:95|margin:0.3000|loss:0.0006|reg:0.0000|acc:0.9940|meanMargin:0.8321
epoch:96|margin:0.3000|loss:0.0004|reg:0.0000|acc:0.9955|meanMargin:0.8092
epoch:97|margin:0.3000|loss:0.0001|reg:0.0000|acc:0.9981|meanMargin:0.8578
epoch:98|margin:0.3000|loss:0.0011|reg:0.0000|acc:0.9907|meanMargin:0.8197
epoch:99|margin:0.3000|loss:0.0025|reg:0.0000|acc:0.9881|meanMargin:0.8041
epoch:100|margin:0.3000|loss:0.0004|reg:0.0000|acc:0.9951|meanMargin:0.8504
epoch:101|margin:0.3000|loss:0.0003|reg:0.0000|acc:0.9981|meanMargin:0.8994
epoch:102|margin:0.3000|loss:0.0004|reg:0.0000|acc:0.9970|meanMargin:0.8745
epoch:103|margin:0.3000|loss:0.0006|reg:0.0000|acc:0.9940|meanMargin:0.8234
epoch:104|margin:0.3000|loss:0.0003|reg:0.0000|acc:0.9974|meanMargin:0.8815
epoch:105|margin:0.3000|loss:0.0001|reg:0.0000|acc:0.9970|meanMargin:0.8928
epoch:106|margin:0.3000|loss:0.0005|reg:0.0000|acc:0.9955|meanMargin:0.8852
epoch:107|margin:0.3000|loss:0.0006|reg:0.0000|acc:0.9940|meanMargin:0.8715
epoch:108|margin:0.3000|loss:0.0009|reg:0.0000|acc:0.9940|meanMargin:0.8740
epoch:109|margin:0.3000|loss:0.0000|reg:0.0000|acc:0.9989|meanMargin:0.9086
epoch:110|margin:0.3000|loss:0.0007|reg:0.0000|acc:0.9944|meanMargin:0.8752
epoch:111|margin:0.3000|loss:0.0001|reg:0.0000|acc:0.9981|meanMargin:0.9019
epoch:112|margin:0.3000|loss:0.0017|reg:0.0000|acc:0.9925|meanMargin:0.8336
epoch:113|margin:0.3000|loss:0.0006|reg:0.0000|acc:0.9944|meanMargin:0.8380
epoch:114|margin:0.3000|loss:0.0025|reg:0.0000|acc:0.9910|meanMargin:0.7715
epoch:115|margin:0.3000|loss:0.0003|reg:0.0000|acc:0.9955|meanMargin:0.8191
epoch:116|margin:0.3000|loss:0.0019|reg:0.0000|acc:0.9903|meanMargin:0.8237
epoch:117|margin:0.3000|loss:0.0017|reg:0.0000|acc:0.9918|meanMargin:0.7937
epoch:118|margin:0.3000|loss:0.0009|reg:0.0000|acc:0.9937|meanMargin:0.7365
epoch:119|margin:0.3000|loss:0.0002|reg:0.0000|acc:0.9974|meanMargin:0.7603
/home/sunqilin/dpj/simple-triple-loss/model/models.py:40: UserWarning: nn.init.normal is now deprecated in favor of nn.init.normal_.
  init.normal(m.weight.data, 1.0, 0.02)
/home/sunqilin/dpj/simple-triple-loss/model/models.py:41: UserWarning: nn.init.constant is now deprecated in favor of nn.init.constant_.
  init.constant(m.bias.data, 0.0)
/home/sunqilin/dpj/simple-triple-loss/model/models.py:47: UserWarning: nn.init.normal is now deprecated in favor of nn.init.normal_.
  init.normal(m.weight.data, std=0.001)
/home/sunqilin/dpj/simple-triple-loss/model/models.py:48: UserWarning: nn.init.constant is now deprecated in favor of nn.init.constant_.
  init.constant(m.bias.data, 0.0)
Setting up a new session...
